d:\documents\kuliah\semester 6\instrumentasi sistem visual\program\solarprocessor\solarprocessor\release\vc120.pdb
d:\documents\kuliah\semester 6\instrumentasi sistem visual\program\solarprocessor\solarprocessor\release\.netframework,version=v4.5.assemblyattributes.obj
d:\documents\kuliah\semester 6\instrumentasi sistem visual\program\solarprocessor\solarprocessor\release\mainprogram.obj
d:\documents\kuliah\semester 6\instrumentasi sistem visual\program\solarprocessor\release\solarprocessor.exe
d:\documents\kuliah\semester 6\instrumentasi sistem visual\program\solarprocessor\release\solarprocessor.pdb
d:\documents\kuliah\semester 6\instrumentasi sistem visual\program\solarprocessor\solarprocessor\release\solarprocessor.res
d:\documents\kuliah\semester 6\instrumentasi sistem visual\program\solarprocessor\solarprocessor\release\solarprocessor.mainprogram.resources
d:\documents\kuliah\semester 6\instrumentasi sistem visual\program\solarprocessor\solarprocessor\release\solarprocessor.vcxproj.generateresource.cache
d:\documents\kuliah\semester 6\instrumentasi sistem visual\program\solarprocessor\solarprocessor\release\solarprocessor.vcxprojresolveassemblyreference.cache
d:\documents\kuliah\semester 6\instrumentasi sistem visual\program\solarprocessor\solarprocessor\release\solarprocessor.tlog\cl.command.1.tlog
d:\documents\kuliah\semester 6\instrumentasi sistem visual\program\solarprocessor\solarprocessor\release\solarprocessor.tlog\cl.read.1.tlog
d:\documents\kuliah\semester 6\instrumentasi sistem visual\program\solarprocessor\solarprocessor\release\solarprocessor.tlog\cl.write.1.tlog
d:\documents\kuliah\semester 6\instrumentasi sistem visual\program\solarprocessor\solarprocessor\release\solarprocessor.tlog\link.command.1.tlog
d:\documents\kuliah\semester 6\instrumentasi sistem visual\program\solarprocessor\solarprocessor\release\solarprocessor.tlog\link.read.1.tlog
d:\documents\kuliah\semester 6\instrumentasi sistem visual\program\solarprocessor\solarprocessor\release\solarprocessor.tlog\link.write.1.tlog
d:\documents\kuliah\semester 6\instrumentasi sistem visual\program\solarprocessor\solarprocessor\release\solarprocessor.tlog\metagen.read.1.tlog
d:\documents\kuliah\semester 6\instrumentasi sistem visual\program\solarprocessor\solarprocessor\release\solarprocessor.tlog\metagen.write.1.tlog
d:\documents\kuliah\semester 6\instrumentasi sistem visual\program\solarprocessor\solarprocessor\release\solarprocessor.tlog\rc.command.1.tlog
d:\documents\kuliah\semester 6\instrumentasi sistem visual\program\solarprocessor\solarprocessor\release\solarprocessor.tlog\rc.read.1.tlog
d:\documents\kuliah\semester 6\instrumentasi sistem visual\program\solarprocessor\solarprocessor\release\solarprocessor.tlog\rc.write.1.tlog
d:\documents\kuliah\semester 6\instrumentasi sistem visual\program\solarprocessor\solarprocessor\release\solarprocessor.tlog\solarprocessor.write.1u.tlog
d:\documents\kuliah\semester 6\instrumentasi sistem visual\program\solarprocessor\solarprocessor\release\solarprocessor.tlog\rsaenh.dll.bi
d:\documents\kuliah\semester 6\instrumentasi sistem visual\program\solarprocessor\solarprocessor\release\solarprocessor.tlog\tzres.dll.bi
