Build started 31/05/2017 16:52:17.
     1>Project "D:\Documents\Kuliah\Semester 6\Instrumentasi Sistem Visual\Program\SolarProcessor\SolarProcessor\SolarProcessor.vcxproj" on node 2 (Build target(s)).
     1>ClCompile:
         C:\Program Files (x86)\Microsoft Visual Studio 12.0\VC\bin\CL.exe /c /AI"C:\Program Files (x86)\Reference Assemblies\Microsoft\Framework\.NETFramework\v4.5\\" /AI"C:\Program Files (x86)\Windows Kits\8.1\References\CommonConfiguration\Neutral" /AI"C:\Program Files (x86)\Reference Assemblies\Microsoft\Framework\.NETFramework\v4.5\Facades\\" /Zi /clr /nologo /W3 /WX- /Od /Oy- /D WIN32 /D _DEBUG /D _UNICODE /D UNICODE /EHa /MDd /GS /fp:precise /Zc:wchar_t /Zc:forScope /Fo"Debug\\" /Fd"Debug\vc120.pdb" /TP /FU"C:\Program Files (x86)\Reference Assemblies\Microsoft\Framework\.NETFramework\v4.5\mscorlib.dll" /FU"C:\Program Files (x86)\Reference Assemblies\Microsoft\Framework\.NETFramework\v4.5\System.Data.dll" /FU"C:\Program Files (x86)\Reference Assemblies\Microsoft\Framework\.NETFramework\v4.5\System.dll" /FU"C:\Program Files (x86)\Reference Assemblies\Microsoft\Framework\.NETFramework\v4.5\System.Drawing.dll" /FU"C:\Program Files (x86)\Reference Assemblies\Microsoft\Framework\.NETFramework\v4.5\System.Windows.Forms.dll" /FU"C:\Program Files (x86)\Reference Assemblies\Microsoft\Framework\.NETFramework\v4.5\System.Xml.dll" /analyze- /errorReport:prompt /clr:nostdlib MainProgram.cpp
         MainProgram.cpp
     1>d:\documents\kuliah\semester 6\instrumentasi sistem visual\program\solarprocessor\solarprocessor\TheProcessors.h(33): warning C4244: 'argument' : conversion from 'double' to 'int', possible loss of data
     1>d:\documents\kuliah\semester 6\instrumentasi sistem visual\program\solarprocessor\solarprocessor\MainProgram.h(699): warning C4244: 'initializing' : conversion from 'double' to 'float', possible loss of data
     1>d:\documents\kuliah\semester 6\instrumentasi sistem visual\program\solarprocessor\solarprocessor\MainProgram.h(701): warning C4244: 'initializing' : conversion from 'int' to 'float', possible loss of data
     1>d:\documents\kuliah\semester 6\instrumentasi sistem visual\program\solarprocessor\solarprocessor\MainProgram.h(704): warning C4244: 'initializing' : conversion from 'int' to 'float', possible loss of data
     1>d:\documents\kuliah\semester 6\instrumentasi sistem visual\program\solarprocessor\solarprocessor\MainProgram.h(709): warning C4244: 'initializing' : conversion from 'long double' to 'float', possible loss of data
     1>d:\documents\kuliah\semester 6\instrumentasi sistem visual\program\solarprocessor\solarprocessor\MainProgram.h(745): warning C4244: 'argument' : conversion from 'double' to 'int', possible loss of data
     1>c:\opencv\build\include\opencv2\core\cvstd.hpp(592): warning C4793: 'cv::String::String' : function compiled as native :
         	Found an intrinsic not supported in managed code
     1>c:\opencv\build\include\opencv2\core\mat.inl.hpp(381): warning C4793: 'cv::Mat::Mat' : function compiled as native :
         	Found an intrinsic not supported in managed code
     1>c:\opencv\build\include\opencv2\core\mat.inl.hpp(666): warning C4793: 'cv::Mat::release' : function compiled as native :
         	Found an intrinsic not supported in managed code
     1>c:\opencv\build\include\opencv2\core\mat.inl.hpp(1703): warning C4793: 'cv::SparseMat::addref' : function compiled as native :
         	Found an intrinsic not supported in managed code
     1>c:\opencv\build\include\opencv2\core\mat.inl.hpp(3304): warning C4793: 'cv::UMat::addref' : function compiled as native :
         	Found an intrinsic not supported in managed code
     1>c:\opencv\build\include\opencv2\core\ptr.inl.hpp(67): warning C4793: 'cv::detail::PtrOwner::incRef' : function compiled as native :
         	Found an intrinsic not supported in managed code
     1>c:\opencv\build\include\opencv2\core\ptr.inl.hpp(72): warning C4793: 'cv::detail::PtrOwner::decRef' : function compiled as native :
         	Found an intrinsic not supported in managed code
     1>c:\opencv\build\include\opencv2\hal\defs.h(480): warning C4793: '`anonymous namespace'::cvRound' : function compiled as native :
         	Inline native assembly not supported in managed code
     1>c:\opencv\build\include\opencv2\core\mat.inl.hpp(565): warning C4793: 'cv::Mat::operator=' : function compiled as native :
         	Found an intrinsic not supported in managed code
       Link:
         C:\Program Files (x86)\Microsoft Visual Studio 12.0\VC\bin\link.exe /ERRORREPORT:PROMPT /OUT:"D:\Documents\Kuliah\Semester 6\Instrumentasi Sistem Visual\Program\SolarProcessor\Debug\SolarProcessor.exe" /INCREMENTAL /NOLOGO opencv_ts300d.lib opencv_world300d.lib kernel32.lib user32.lib gdi32.lib winspool.lib comdlg32.lib advapi32.lib shell32.lib ole32.lib oleaut32.lib uuid.lib odbc32.lib odbccp32.lib /ASSEMBLYRESOURCE:Debug\SolarProcessor.MainProgram.resources /MANIFEST /MANIFESTUAC:"level='asInvoker' uiAccess='false'" /manifest:embed /DEBUG /PDB:"D:\Documents\Kuliah\Semester 6\Instrumentasi Sistem Visual\Program\SolarProcessor\Debug\SolarProcessor.pdb" /ASSEMBLYDEBUG /SUBSYSTEM:WINDOWS /TLBID:1 /ENTRY:"main" /DYNAMICBASE /FIXED:NO /NXCOMPAT /MACHINE:X86 Debug\MainProgram.obj
         "Debug\.NETFramework,Version=v4.5.AssemblyAttributes.obj"
     1>opencv_ts300d.lib(ts.obj) : warning LNK4099: PDB 'opencv_ts300d.pdb' was not found with 'opencv_ts300d.lib(ts.obj)' or at 'D:\Documents\Kuliah\Semester 6\Instrumentasi Sistem Visual\Program\SolarProcessor\Debug\opencv_ts300d.pdb'; linking object as if no debug info
     1>opencv_ts300d.lib(ts_gtest.obj) : warning LNK4099: PDB 'opencv_ts300d.pdb' was not found with 'opencv_ts300d.lib(ts_gtest.obj)' or at 'D:\Documents\Kuliah\Semester 6\Instrumentasi Sistem Visual\Program\SolarProcessor\Debug\opencv_ts300d.pdb'; linking object as if no debug info
     1>opencv_ts300d.lib(ts_perf.obj) : warning LNK4099: PDB 'opencv_ts300d.pdb' was not found with 'opencv_ts300d.lib(ts_perf.obj)' or at 'D:\Documents\Kuliah\Semester 6\Instrumentasi Sistem Visual\Program\SolarProcessor\Debug\opencv_ts300d.pdb'; linking object as if no debug info
     1>opencv_ts300d.lib(opencv_ts_pch.obj) : warning LNK4099: PDB 'opencv_ts300d.pdb' was not found with 'opencv_ts300d.lib(opencv_ts_pch.obj)' or at 'D:\Documents\Kuliah\Semester 6\Instrumentasi Sistem Visual\Program\SolarProcessor\Debug\opencv_ts300d.pdb'; linking object as if no debug info
         SolarProcessor.vcxproj -> D:\Documents\Kuliah\Semester 6\Instrumentasi Sistem Visual\Program\SolarProcessor\Debug\SolarProcessor.exe
     1>Done Building Project "D:\Documents\Kuliah\Semester 6\Instrumentasi Sistem Visual\Program\SolarProcessor\SolarProcessor\SolarProcessor.vcxproj" (Build target(s)).

Build succeeded.

Time Elapsed 00:00:02.87
